[19:03:14.463] Running build in Washington, D.C., USA (East) â€“ iad1
[19:03:14.469] Build machine configuration: 2 cores, 8 GB
[19:03:14.522] Cloning github.com/hoff1997/MyBudgetMate (Branch: main, Commit: 0abba0e)
[19:03:14.541] Skipping build cache, deployment was triggered without cache.
[19:03:15.098] Cloning completed: 574.000ms
[19:03:15.892] Running "vercel build"
[19:03:16.326] Vercel CLI 44.2.12
[19:03:18.157] > Installing Builder: @vercel/node@3.0.0
[19:03:27.613] Running "install" command: `npm install`...
[19:03:33.586] npm warn deprecated @supabase/auth-helpers-react@0.5.0: This package is now deprecated - please use the @supabase/ssr package instead.
[19:03:33.955] npm warn deprecated @esbuild-kit/core-utils@3.3.2: Merged into tsx: https://tsx.is
[19:03:33.956] npm warn deprecated @esbuild-kit/esm-loader@2.6.5: Merged into tsx: https://tsx.is
[19:03:41.532] 
[19:03:41.533] added 674 packages, and audited 675 packages in 14s
[19:03:41.533] 
[19:03:41.533] 76 packages are looking for funding
[19:03:41.534]   run `npm fund` for details
[19:03:41.570] 
[19:03:41.571] 12 vulnerabilities (1 low, 9 moderate, 2 high)
[19:03:41.571] 
[19:03:41.571] To address issues that do not require attention, run:
[19:03:41.572]   npm audit fix
[19:03:41.572] 
[19:03:41.572] To address all issues (including breaking changes), run:
[19:03:41.572]   npm audit fix --force
[19:03:41.572] 
[19:03:41.573] Run `npm audit` for details.
[19:03:41.797] 
[19:03:41.798] > rest-express@1.0.0 build
[19:03:41.798] > vite build && esbuild server/index.ts --platform=node --packages=external --bundle --format=esm --outdir=dist
[19:03:41.798] 
[19:03:42.054] [36mvite v5.4.19 [32mbuilding for production...[36m[39m
[19:03:42.110] transforming...
[19:03:42.379] Browserslist: browsers data (caniuse-lite) is 9 months old. Please run:
[19:03:42.380]   npx update-browserslist-db@latest
[19:03:42.380]   Why you should do it regularly: https://github.com/browserslist/update-db#readme
[19:03:52.772] [32mâœ“[39m 3407 modules transformed.
[19:03:53.723] rendering chunks...
[19:03:53.813] computing gzip size...
[19:03:53.940] [2m../dist/public/[22m[32mindex.html                 [39m[1m[2m    0.63 kB[22m[1m[22m[2m â”‚ gzip:   0.38 kB[22m
[19:03:53.941] [2m../dist/public/[22m[2massets/[22m[35mindex-DpqffX4s.css  [39m[1m[2m   88.58 kB[22m[1m[22m[2m â”‚ gzip:  15.28 kB[22m
[19:03:53.941] [2m../dist/public/[22m[2massets/[22m[36mindex-zGR1JK2j.js   [39m[1m[33m1,383.78 kB[39m[22m[2m â”‚ gzip: 371.26 kB[22m
[19:03:53.941] [33m
[19:03:53.942] (!) Some chunks are larger than 500 kB after minification. Consider:
[19:03:53.942] - Using dynamic import() to code-split the application
[19:03:53.942] - Use build.rollupOptions.output.manualChunks to improve chunking: https://rollupjs.org/configuration-options/#output-manualchunks
[19:03:53.942] - Adjust chunk size limit for this warning via build.chunkSizeWarningLimit.[39m
[19:03:53.953] [32mâœ“ built in 11.87s[39m
[19:03:54.212] â–² [WARNING] Duplicate member "updateEnvelopeCategory" in class body [duplicate-class-member]
[19:03:54.212] 
[19:03:54.213]     server/storage.ts:1050:8:
[19:03:54.213]       1050 â”‚   async updateEnvelopeCategory(id: number, updates: Partial<Enve...
[19:03:54.213]            â•µ         ~~~~~~~~~~~~~~~~~~~~~~
[19:03:54.213] 
[19:03:54.213]   The original member "updateEnvelopeCategory" is here:
[19:03:54.214] 
[19:03:54.214]     server/storage.ts:1007:8:
[19:03:54.214]       1007 â”‚   async updateEnvelopeCategory(id: number, categoryId: number | ...
[19:03:54.214]            â•µ         ~~~~~~~~~~~~~~~~~~~~~~
[19:03:54.214] 
[19:03:54.215] â–² [WARNING] Duplicate member "initializeDefaultEnvelopeTypes" in class body [duplicate-class-member]
[19:03:54.215] 
[19:03:54.215]     server/storage.ts:1480:8:
[19:03:54.215]       1480 â”‚   async initializeDefaultEnvelopeTypes(userId: number): Promise<...
[19:03:54.215]            â•µ         ~~~~~~~~~~~~~~~~~~~~~~~~~~~~~~
[19:03:54.216] 
[19:03:54.216]   The original member "initializeDefaultEnvelopeTypes" is here:
[19:03:54.216] 
[19:03:54.216]     server/storage.ts:234:10:
[19:03:54.216]       234 â”‚   private initializeDefaultEnvelopeTypes() {
[19:03:54.217]           â•µ           ~~~~~~~~~~~~~~~~~~~~~~~~~~~~~~
[19:03:54.217] 
[19:03:54.219] â–² [WARNING] Duplicate member "updateEnvelopeCategory" in class body [duplicate-class-member]
[19:03:54.219] 
[19:03:54.219]     server/replit-storage.ts:445:8:
[19:03:54.219]       445 â”‚   async updateEnvelopeCategory(id: number, categoryId: number | n...
[19:03:54.219]           â•µ         ~~~~~~~~~~~~~~~~~~~~~~
[19:03:54.220] 
[19:03:54.220]   The original member "updateEnvelopeCategory" is here:
[19:03:54.220] 
[19:03:54.220]     server/replit-storage.ts:394:8:
[19:03:54.220]       394 â”‚   async updateEnvelopeCategory(id: number, data: any): Promise<an...
[19:03:54.220]           â•µ         ~~~~~~~~~~~~~~~~~~~~~~
[19:03:54.220] 
[19:03:54.228] â–² [WARNING] Duplicate member "updateEnvelopeCategory" in class body [duplicate-class-member]
[19:03:54.228] 
[19:03:54.228]     server/supabase-storage.ts:408:8:
[19:03:54.228]       408 â”‚   async updateEnvelopeCategory(id: number, updates: Partial<Envel...
[19:03:54.228]           â•µ         ~~~~~~~~~~~~~~~~~~~~~~
[19:03:54.229] 
[19:03:54.233]   The original member "updateEnvelopeCategory" is here:
[19:03:54.234] 
[19:03:54.234]     server/supabase-storage.ts:342:8:
[19:03:54.234]       342 â”‚   async updateEnvelopeCategory(id: number, categoryId: number | n...
[19:03:54.234]           â•µ         ~~~~~~~~~~~~~~~~~~~~~~
[19:03:54.234] 
[19:03:54.234] 4 warnings
[19:03:54.235] 
[19:03:54.235]   dist/index.js  225.9kb
[19:03:54.235] 
[19:03:54.235] âš¡ Done in 24ms
[19:03:54.266] Installing dependencies...
[19:03:55.649] 
[19:03:55.650] up to date in 1s
[19:03:55.650] 
[19:03:55.650] 76 packages are looking for funding
[19:03:55.650]   run `npm fund` for details
[19:03:55.847] Using TypeScript 5.6.3 (local user-provided)
[19:04:00.764] Using TypeScript 5.6.3 (local user-provided)
[19:04:01.854] Using TypeScript 5.6.3 (local user-provided)
[19:04:04.009] api/envelopes/index.ts(32,62): error TS2345: Argument of type 'string' is not assignable to parameter of type 'never'.
[19:04:04.010] 
[19:04:04.540] server/storage.ts(228,9): error TS2561: Object literal may only specify known properties, but 'colour' does not exist in type '{ id: number; name: string; createdAt: Date | null; userId: number; sortOrder: number | null; color: string; }'. Did you mean to write 'color'?
[19:04:04.541] server/storage.ts(234,11): error TS2393: Duplicate function implementation.
[19:04:04.541] server/storage.ts(288,9): error TS2353: Object literal may only specify known properties, and 'isDefault' does not exist in type '{ id: number; name: string; createdAt: Date | null; updatedAt: Date | null; userId: number; isActive: boolean | null; icon: string; sortOrder: number | null; color: string | null; isCollapsed: boolean | null; }'.
[19:04:04.542] server/storage.ts(366,9): error TS2353: Object literal may only specify known properties, and 'budget' does not exist in type '{ id: number; name: string; createdAt: Date | null; updatedAt: Date | null; userId: number; isActive: boolean; icon: string | null; parentId: number | null; categoryId: number | null; ... 12 more ...; notes: string | null; }'.
[19:04:04.542] server/storage.ts(398,9): error TS2561: Object literal may only specify known properties, but 'colour' does not exist in type '{ id: number; name: string; createdAt: Date | null; userId: number; sortOrder: number | null; color: string; }'. Did you mean to write 'color'?
[19:04:04.542] server/storage.ts(408,11): error TS2740: Type '{ id: number; username: string; password: string; payCycle: string; budgetName: string; }' is missing the following properties from type '{ id: number; username: string; password: string | null; payCycle: string | null; payCycleStartDate: Date | null; budgetName: string | null; twoFactorEnabled: boolean | null; ... 10 more ...; updatedAt: Date | null; }': payCycleStartDate, twoFactorEnabled, twoFactorSecret, backupCodes, and 9 more.
[19:04:04.543] server/storage.ts(765,42): error TS2345: Argument of type '{ id: number; userId: number; name: string; liabilityType: string; currentBalance: string; interestRate: string; minimumPayment: string; notes: string; }' is not assignable to parameter of type '{ id: number; name: string; createdAt: Date | null; updatedAt: Date | null; userId: number; type: string; balance: string; interestRate: string | null; minimumPayment: string | null; }'.
[19:04:04.546]   Type '{ id: number; userId: number; name: string; liabilityType: string; currentBalance: string; interestRate: string; minimumPayment: string; notes: string; }' is missing the following properties from type '{ id: number; name: string; createdAt: Date | null; updatedAt: Date | null; userId: number; type: string; balance: string; interestRate: string | null; minimumPayment: string | null; }': createdAt, updatedAt, type, balance
[19:04:04.546] server/storage.ts(824,39): error TS2345: Argument of type '{ id: number; userId: number; name: string; icon: string; budgetedAmount: string; currentBalance: string; categoryId: null; sortOrder: number; isActive: boolean; isMonitored: boolean; paymentSchedule: string; nextPaymentDue: string; isSpendingAccount: boolean; createdAt: Date; updatedAt: Date; }' is not assignable to parameter of type '{ id: number; name: string; createdAt: Date | null; updatedAt: Date | null; userId: number; isActive: boolean; icon: string | null; parentId: number | null; categoryId: number | null; ... 12 more ...; notes: string | null; }'.
[19:04:04.548]   Type '{ id: number; userId: number; name: string; icon: string; budgetedAmount: string; currentBalance: string; categoryId: null; sortOrder: number; isActive: boolean; isMonitored: boolean; paymentSchedule: string; nextPaymentDue: string; isSpendingAccount: boolean; createdAt: Date; updatedAt: Date; }' is missing the following properties from type '{ id: number; name: string; createdAt: Date | null; updatedAt: Date | null; userId: number; isActive: boolean; icon: string | null; parentId: number | null; categoryId: number | null; ... 12 more ...; notes: string | null; }': parentId, openingBalance, budgetFrequency, annualAmount, and 4 more.
[19:04:04.551] server/storage.ts(850,11): error TS2740: Type '{ id: number; username: string; password?: string | null | undefined; }' is missing the following properties from type '{ id: number; username: string; password: string | null; payCycle: string | null; payCycleStartDate: Date | null; budgetName: string | null; twoFactorEnabled: boolean | null; ... 10 more ...; updatedAt: Date | null; }': payCycle, payCycleStartDate, budgetName, twoFactorEnabled, and 11 more.
[19:04:04.552] server/storage.ts(881,13): error TS2741: Property 'payCycleStartDate' is missing in type '{ id: number; username: string; email: string | null; firstName: string | null; lastName: string | null; profileImageUrl: string | null; replitId: string; createdAt: Date; updatedAt: Date; ... 7 more ...; emailVerified: false; }' but required in type '{ id: number; username: string; password: string | null; payCycle: string | null; payCycleStartDate: Date | null; budgetName: string | null; twoFactorEnabled: boolean | null; ... 10 more ...; updatedAt: Date | null; }'.
[19:04:04.553] server/storage.ts(969,11): error TS2322: Type '{ id: number; currentBalance: string; openingBalance: string; budgetFrequency: string; nextPaymentDue: Date | null; isSpendingAccount: boolean; isMonitored: boolean; isActive: boolean; ... 13 more ...; notes?: string | ... 1 more ... | undefined; }' is not assignable to type '{ id: number; name: string; createdAt: Date | null; updatedAt: Date | null; userId: number; isActive: boolean; icon: string | null; parentId: number | null; categoryId: number | null; ... 12 more ...; notes: string | null; }'.
[19:04:04.555]   Types of property 'annualAmount' are incompatible.
[19:04:04.557]     Type 'string | null | undefined' is not assignable to type 'string | null'.
[19:04:04.558]       Type 'undefined' is not assignable to type 'string | null'.
[19:04:04.558] server/storage.ts(1007,9): error TS2393: Duplicate function implementation.
[19:04:04.558] server/storage.ts(1050,9): error TS2393: Duplicate function implementation.
[19:04:04.559] server/storage.ts(1122,7): error TS2322: Type 'false | unknown[] | [any, ...any[]]' is not assignable to type 'boolean'.
[19:04:04.559]   Type 'unknown[]' is not assignable to type 'boolean'.
[19:04:04.559] server/storage.ts(1123,7): error TS2322: Type 'unknown[] | [any, ...any[]] | null' is not assignable to type 'number | null'.
[19:04:04.559]   Type 'unknown[]' is not assignable to type 'number'.
[19:04:04.559] server/storage.ts(1124,7): error TS2322: Type 'unknown[] | [any, ...any[]] | null' is not assignable to type 'string | null'.
[19:04:04.560]   Type 'unknown[]' is not assignable to type 'string'.
[19:04:04.560] server/storage.ts(1125,7): error TS2322: Type 'unknown[] | [any, ...any[]] | null' is not assignable to type 'string | null'.
[19:04:04.560]   Type 'unknown[]' is not assignable to type 'string'.
[19:04:04.565] server/storage.ts(1131,35): error TS2488: Type '{}' must have a '[Symbol.iterator]()' method that returns an iterator.
[19:04:04.566] server/storage.ts(1280,11): error TS2741: Property 'createdAt' is missing in type '{ id: number; name: string; userId: number; sortOrder?: number | null | undefined; color?: string | undefined; }' but required in type '{ id: number; name: string; createdAt: Date | null; userId: number; sortOrder: number | null; color: string; }'.
[19:04:04.566] server/storage.ts(1335,11): error TS2739: Type '{ id: number; name: string; userId: number; type: string; value: string; }' is missing the following properties from type '{ id: number; name: string; createdAt: Date | null; updatedAt: Date | null; userId: number; type: string; value: string; }': createdAt, updatedAt
[19:04:04.566] server/storage.ts(1362,11): error TS2739: Type '{ id: number; name: string; userId: number; type: string; balance: string; interestRate?: string | null | undefined; minimumPayment?: string | null | undefined; }' is missing the following properties from type '{ id: number; name: string; createdAt: Date | null; updatedAt: Date | null; userId: number; type: string; balance: string; interestRate: string | null; minimumPayment: string | null; }': createdAt, updatedAt
[19:04:04.567] server/storage.ts(1382,34): error TS2339: Property 'snapshotDate' does not exist on type '{ id: number; createdAt: Date | null; userId: number; totalAssets: string; totalLiabilities: string; netWorth: string; }'.
[19:04:04.567] server/storage.ts(1382,71): error TS2339: Property 'snapshotDate' does not exist on type '{ id: number; createdAt: Date | null; userId: number; totalAssets: string; totalLiabilities: string; netWorth: string; }'.
[19:04:04.567] server/storage.ts(1390,7): error TS2353: Object literal may only specify known properties, and 'snapshotDate' does not exist in type '{ id: number; createdAt: Date | null; userId: number; totalAssets: string; totalLiabilities: string; netWorth: string; }'.
[19:04:04.568] server/storage.ts(1407,11): error TS2739: Type '{ id: number; name: string; userId: number; accountId: number; amount: string; merchant: string; frequency: string; nextDate: Date; isActive?: boolean | null | undefined; description?: string | null | undefined; endDate?: Date | ... 1 more ... | undefined; isIncome?: boolean | ... 1 more ... | undefined; }' is missing the following properties from type '{ id: number; name: string; createdAt: Date | null; updatedAt: Date | null; userId: number; isActive: boolean | null; accountId: number; amount: string; merchant: string; description: string | null; frequency: string; nextDate: Date; endDate: Date | null; isIncome: boolean | null; }': createdAt, updatedAt
[19:04:04.569] server/storage.ts(1449,23): error TS18047: 'a.sortOrder' is possibly 'null'.
[19:04:04.569] server/storage.ts(1449,37): error TS18047: 'b.sortOrder' is possibly 'null'.
[19:04:04.569] server/storage.ts(1458,11): error TS2322: Type '{ id: number; createdAt: Date; updatedAt: Date; name: string; userId: number; icon: string; color: string; isActive?: boolean | null | undefined; sortOrder?: number | null | undefined; isDefault?: boolean | ... 1 more ... | undefined; }' is not assignable to type '{ id: number; name: string; createdAt: Date | null; updatedAt: Date | null; userId: number; isActive: boolean | null; icon: string; sortOrder: number | null; color: string; isDefault: boolean | null; }'.
[19:04:04.570]   Types of property 'isActive' are incompatible.
[19:04:04.570]     Type 'boolean | null | undefined' is not assignable to type 'boolean | null'.
[19:04:04.571]       Type 'undefined' is not assignable to type 'boolean | null'.
[19:04:04.571] server/storage.ts(1480,9): error TS2393: Duplicate function implementation.
[19:04:04.571] server/storage.ts(1513,11): error TS2322: Type '{ createdAt: Date; updatedAt: Date; userId: number; bankId: string; bankName: string; connectionId: string; accessToken: string; isActive?: boolean | null | undefined; refreshToken?: string | ... 1 more ... | undefined; consentExpiry?: Date | ... 1 more ... | undefined; lastSync?: Date | ... 1 more ... | undefined; ...' is not assignable to type '{ id: number; createdAt: Date | null; updatedAt: Date | null; userId: number; isActive: boolean | null; bankId: string; bankName: string; connectionId: string; accessToken: string; refreshToken: string | null; consentExpiry: Date | null; lastSync: Date | null; }'.
[19:04:04.572]   Types of property 'isActive' are incompatible.
[19:04:04.572]     Type 'boolean | null | undefined' is not assignable to type 'boolean | null'.
[19:04:04.577]       Type 'undefined' is not assignable to type 'boolean | null'.
[19:04:04.577] 
[19:04:04.725] shared/schema.ts(98,14): error TS7022: 'transactions' implicitly has type 'any' because it does not have a type annotation and is referenced directly or indirectly in its own initializer.
[19:04:04.733] shared/schema.ts(114,56): error TS7024: Function implicitly has return type 'any' because it does not have a return type annotation and is referenced directly or indirectly in one of its return expressions.
[19:04:04.733] shared/schema.ts(297,53): error TS2552: Cannot find name 'insertEnvelopeCategorySchema'. Did you mean 'insertEnvelopeSchema'?
[19:04:04.734] 
[19:04:04.884] server/supabase-storage.ts(42,14): error TS2420: Class 'SupabaseStorage' incorrectly implements interface 'IStorage'.
[19:04:04.884]   Type 'SupabaseStorage' is missing the following properties from type 'IStorage': getUserTwoFactorInfo, updateUserTwoFactor, getEnvelopeTypesByUserId, getEnvelopeType, and 3 more.
[19:04:04.885] server/supabase-storage.ts(342,9): error TS2393: Duplicate function implementation.
[19:04:04.885] server/supabase-storage.ts(408,9): error TS2393: Duplicate function implementation.
[19:04:04.885] server/supabase-storage.ts(511,40): error TS2561: Object literal may only specify known properties, but 'approved' does not exist in type 'Partial<{ date: Date; id: number; userId: number; accountId: number; amount: string; merchant: string; description: string | null; isApproved: boolean; isTransfer: boolean; transferToAccountId: number | null; ... 7 more ...; bankMemo: string | null; }>'. Did you mean to write 'isApproved'?
[19:04:04.885] server/supabase-storage.ts(707,28): error TS2304: Cannot find name 'InsertLabel'.
[19:04:04.885] 
[19:04:05.054] server/replit-storage.ts(128,40): error TS2339: Property 'replitId' does not exist on type '{ username: string; password?: string | null | undefined; }'.
[19:04:05.055] server/replit-storage.ts(149,7): error TS2322: Type 'string | null' is not assignable to type 'string'.
[19:04:05.055]   Type 'null' is not assignable to type 'string'.
[19:04:05.055] server/replit-storage.ts(165,9): error TS2416: Property 'getAccountsByUserId' in type 'ReplitStorage' is not assignable to the same property in base type 'IStorage'.
[19:04:05.057]   Type '(userId: string) => Promise<{ id: number; name: string; userId: number; type: string; balance: string; isActive: boolean; }[]>' is not assignable to type '(userId: number) => Promise<{ id: number; name: string; userId: number; type: string; balance: string; isActive: boolean; }[]>'.
[19:04:05.057]     Types of parameters 'userId' and 'userId' are incompatible.
[19:04:05.058]       Type 'number' is not assignable to type 'string'.
[19:04:05.058] server/replit-storage.ts(189,7): error TS2353: Object literal may only specify known properties, and 'createdAt' does not exist in type '{ id: number; name: string; userId: number; type: string; balance: string; isActive: boolean; }'.
[19:04:05.058] server/replit-storage.ts(196,9): error TS2416: Property 'updateAccount' in type 'ReplitStorage' is not assignable to the same property in base type 'IStorage'.
[19:04:05.058]   Type '(id: number, accountData: Partial<{ name: string; userId: number; type: string; balance?: string | undefined; isActive?: boolean | undefined; }>) => Promise<{ id: number; name: string; userId: number; type: string; balance: string; isActive: boolean; }>' is not assignable to type '(id: number, updates: Partial<{ id: number; name: string; userId: number; type: string; balance: string; isActive: boolean; }>) => Promise<void>'.
[19:04:05.058]     Type 'Promise<{ id: number; name: string; userId: number; type: string; balance: string; isActive: boolean; }>' is not assignable to type 'Promise<void>'.
[19:04:05.058]       Type '{ id: number; name: string; userId: number; type: string; balance: string; isActive: boolean; }' is not assignable to type 'void'.
[19:04:05.058] server/replit-storage.ts(203,7): error TS2353: Object literal may only specify known properties, and 'updatedAt' does not exist in type '{ id: number; name: string; userId: number; type: string; balance: string; isActive: boolean; }'.
[19:04:05.058] server/replit-storage.ts(217,9): error TS2416: Property 'getEnvelopesByUserId' in type 'ReplitStorage' is not assignable to the same property in base type 'IStorage'.
[19:04:05.058]   Type '(userId: string) => Promise<{ id: number; name: string; createdAt: Date | null; updatedAt: Date | null; userId: number; isActive: boolean; icon: string | null; parentId: number | null; ... 13 more ...; notes: string | null; }[]>' is not assignable to type '(userId: number) => Promise<{ id: number; name: string; createdAt: Date | null; updatedAt: Date | null; userId: number; isActive: boolean; icon: string | null; parentId: number | null; ... 13 more ...; notes: string | null; }[]>'.
[19:04:05.058]     Types of parameters 'userId' and 'userId' are incompatible.
[19:04:05.059]       Type 'number' is not assignable to type 'string'.
[19:04:05.059] server/replit-storage.ts(238,11): error TS2322: Type '{ createdAt: Date; updatedAt: Date; name: string; userId: number; isActive?: boolean | undefined; icon?: string | null | undefined; parentId?: number | null | undefined; categoryId?: number | ... 1 more ... | undefined; ... 13 more ...; id: number; }' is not assignable to type '{ id: number; name: string; createdAt: Date | null; updatedAt: Date | null; userId: number; isActive: boolean; icon: string | null; parentId: number | null; categoryId: number | null; ... 12 more ...; notes: string | null; }'.
[19:04:05.059]   Types of property 'isActive' are incompatible.
[19:04:05.059]     Type 'boolean | undefined' is not assignable to type 'boolean'.
[19:04:05.059]       Type 'undefined' is not assignable to type 'boolean'.
[19:04:05.059] server/replit-storage.ts(248,9): error TS2416: Property 'updateEnvelope' in type 'ReplitStorage' is not assignable to the same property in base type 'IStorage'.
[19:04:05.059]   Type '(id: number, envelopeData: Partial<{ name: string; userId: number; isActive?: boolean | undefined; icon?: string | null | undefined; parentId?: number | null | undefined; categoryId?: number | null | undefined; ... 12 more ...; notes?: string | ... 1 more ... | undefined; }>) => Promise<...>' is not assignable to type '(id: number, updates: Partial<{ id: number; name: string; createdAt: Date | null; updatedAt: Date | null; userId: number; isActive: boolean; icon: string | null; parentId: number | null; ... 13 more ...; notes: string | null; }>) => Promise<...>'.
[19:04:05.059]     Type 'Promise<{ id: number; name: string; createdAt: Date | null; updatedAt: Date | null; userId: number; isActive: boolean; icon: string | null; parentId: number | null; categoryId: number | null; ... 12 more ...; notes: string | null; }>' is not assignable to type 'Promise<void>'.
[19:04:05.059]       Type '{ id: number; name: string; createdAt: Date | null; updatedAt: Date | null; userId: number; isActive: boolean; icon: string | null; parentId: number | null; categoryId: number | null; ... 12 more ...; notes: string | null; }' is not assignable to type 'void'.
[19:04:05.059] server/replit-storage.ts(269,9): error TS2416: Property 'getTransactionsByUserId' in type 'ReplitStorage' is not assignable to the same property in base type 'IStorage'.
[19:04:05.059]   Type '(userId: string) => Promise<{ date: Date; id: number; userId: number; accountId: number; amount: string; merchant: string; description: string | null; isApproved: boolean; isTransfer: boolean; ... 8 more ...; bankMemo: string | null; }[]>' is not assignable to type '(userId: number) => Promise<{ date: Date; id: number; userId: number; accountId: number; amount: string; merchant: string; description: string | null; isApproved: boolean; isTransfer: boolean; ... 8 more ...; bankMemo: string | null; }[]>'.
[19:04:05.059]     Types of parameters 'userId' and 'userId' are incompatible.
[19:04:05.059]       Type 'number' is not assignable to type 'string'.
[19:04:05.059] server/replit-storage.ts(293,7): error TS2353: Object literal may only specify known properties, and 'createdAt' does not exist in type '{ date: Date; id: number; userId: number; accountId: number; amount: string; merchant: string; description: string | null; isApproved: boolean; isTransfer: boolean; transferToAccountId: number | null; ... 7 more ...; bankMemo: string | null; }'.
[19:04:05.059] server/replit-storage.ts(300,9): error TS2416: Property 'updateTransaction' in type 'ReplitStorage' is not assignable to the same property in base type 'IStorage'.
[19:04:05.060]   Type '(id: number, transactionData: Partial<{ [x: string]: unknown[] | [any, ...any[]] | null | undefined; [x: number]: unknown[] | [any, ...any[]] | null | undefined; envelopes?: unknown; isRecurring?: unknown; recurringFrequency?: unknown; recurringEndDate?: unknown; recurringName?: unknown; }>) => Promise<...>' is not assignable to type '(id: number, updates: Partial<{ date: Date; id: number; userId: number; accountId: number; amount: string; merchant: string; description: string | null; isApproved: boolean; isTransfer: boolean; transferToAccountId: number | null; ... 7 more ...; bankMemo: string | null; }>) => Promise<...>'.
[19:04:05.060]     Types of parameters 'transactionData' and 'updates' are incompatible.
[19:04:05.060]       Type 'Partial<{ date: Date; id: number; userId: number; accountId: number; amount: string; merchant: string; description: string | null; isApproved: boolean; isTransfer: boolean; transferToAccountId: number | null; ... 7 more ...; bankMemo: string | null; }>' is not assignable to type 'Partial<{ [x: string]: unknown[] | [any, ...any[]] | null | undefined; [x: number]: unknown[] | [any, ...any[]] | null | undefined; envelopes?: unknown; isRecurring?: unknown; recurringFrequency?: unknown; recurringEndDate?: unknown; recurringName?: unknown; }>'.
[19:04:05.060]         Property 'date' is incompatible with index signature.
[19:04:05.060]           Type 'Date' is not assignable to type 'unknown[] | [any, ...any[]] | null | undefined'.
[19:04:05.060]             Type 'Date' is not assignable to type '[any, ...any[]]'.
[19:04:05.060] server/replit-storage.ts(307,7): error TS2353: Object literal may only specify known properties, and 'updatedAt' does not exist in type '{ date: Date; id: number; userId: number; accountId: number; amount: string; merchant: string; description: string | null; isApproved: boolean; isTransfer: boolean; transferToAccountId: number | null; ... 7 more ...; bankMemo: string | null; }'.
[19:04:05.060] server/replit-storage.ts(333,80): error TS2304: Cannot find name 'TransactionEnvelope'.
[19:04:05.060] server/replit-storage.ts(343,41): error TS2552: Cannot find name 'InsertTransactionEnvelope'. Did you mean 'InsertTransaction'?
[19:04:05.060] server/replit-storage.ts(343,77): error TS2304: Cannot find name 'TransactionEnvelope'.
[19:04:05.060] server/replit-storage.ts(345,32): error TS2304: Cannot find name 'TransactionEnvelope'.
[19:04:05.060] server/replit-storage.ts(394,9): error TS2393: Duplicate function implementation.
[19:04:05.060] server/replit-storage.ts(445,9): error TS2393: Duplicate function implementation.
[19:04:05.060] 
[19:04:06.353] Using TypeScript 5.6.3 (local user-provided)
[19:04:06.946] Using TypeScript 5.6.3 (local user-provided)
[19:04:07.535] Using TypeScript 5.6.3 (local user-provided)
[19:04:08.086] Build Completed in /vercel/output [40s]
[19:04:08.278] Deploying outputs...
[19:04:13.607] 
[19:04:13.745] Deployment completed
[19:04:56.618] Uploading build cache [111.54 MB]...
[19:04:58.138] Build cache uploaded: 1.524s
[19:05:00.383] Exiting build container